console.error: SearchCache: "_readCacheFile: Error reading cache file:" (new Error("", "(unknown module)"))
1605304231063	Marionette	INFO	Listening on port 43165
1605304231078	Marionette	WARN	TLS certificate errors will be ignored for this session
Exiting due to channel error.
Exiting due to channel error.
Exiting due to channel error.
Exiting due to channel error.
console.error: SearchCache: "_readCacheFile: Error reading cache file:" (new Error("", "(unknown module)"))
1605304331774	Marionette	INFO	Listening on port 37915
1605304331855	Marionette	WARN	TLS certificate errors will be ignored for this session
A content process crashed and MOZ_CRASHREPORTER_SHUTDOWN is set, shutting down
1605304445188	Marionette	INFO	Stopped listening on port 37915
console.error: SearchCache: "_readCacheFile: Error reading cache file:" (new Error("", "(unknown module)"))
1605304614803	Marionette	INFO	Listening on port 46103
1605304614868	Marionette	WARN	TLS certificate errors will be ignored for this session
A content process crashed and MOZ_CRASHREPORTER_SHUTDOWN is set, shutting down
1605304772368	Marionette	INFO	Stopped listening on port 46103
console.error: SearchCache: "_readCacheFile: Error reading cache file:" (new Error("", "(unknown module)"))
1605304849950	Marionette	INFO	Listening on port 36517
1605304850052	Marionette	WARN	TLS certificate errors will be ignored for this session
1605306805640	Marionette	INFO	Stopped listening on port 36517
