1592200218975	addons.webextension.doh-rollout@mozilla.org	WARN	Loading extension 'doh-rollout@mozilla.org': Reading manifest: Invalid extension permission: networkStatus
1592200219717	addons.webextension.screenshots@mozilla.org	WARN	Loading extension 'screenshots@mozilla.org': Reading manifest: Invalid extension permission: mozillaAddons
1592200219717	addons.webextension.screenshots@mozilla.org	WARN	Loading extension 'screenshots@mozilla.org': Reading manifest: Invalid extension permission: telemetry
1592200219717	addons.webextension.screenshots@mozilla.org	WARN	Loading extension 'screenshots@mozilla.org': Reading manifest: Invalid extension permission: resource://pdf.js/
1592200219718	addons.webextension.screenshots@mozilla.org	WARN	Loading extension 'screenshots@mozilla.org': Reading manifest: Invalid extension permission: about:reader*
1592200223610	Marionette	INFO	Listening on port 36629
1592200223658	Marionette	WARN	TLS certificate errors will be ignored for this session
JavaScript warning: https://www.woodburymn.gov/calendar_app/index.html#-css=css/calendar_style_woodburymn.css, line 1550: unreachable code after return statement
JavaScript warning: https://www.woodburymn.gov/calendar_app/index.html#-css=css/calendar_style_woodburymn.css, line 1550: unreachable code after return statement
JavaScript warning: https://www.woodburymn.gov/calendar_app/js/calendar_app_javascript.js, line 844: unreachable code after return statement
JavaScript warning: https://www.woodburymn.gov/calendar_app/js/calendar_app_javascript.js, line 1212: unreachable code after return statement
JavaScript warning: https://www.woodburymn.gov/calendar_app/js/calendar_app_javascript.js, line 3030: unreachable code after return statement
JavaScript warning: https://www.woodburymn.gov/calendar_app/js/calendar_app_javascript.js, line 6225: unreachable code after return statement
JavaScript warning: https://www.woodburymn.gov/calendar_app/js/calendar_app_javascript.js, line 8141: unreachable code after return statement
JavaScript warning: https://www.woodburymn.gov/calendar_app/js/calendar_app_javascript.js, line 8239: unreachable code after return statement
JavaScript warning: https://www.woodburymn.gov/calendar_app/js/calendar_app_javascript.js, line 10583: unreachable code after return statement
JavaScript warning: https://www.woodburymn.gov/calendar_app/js/calendar_app_javascript.js, line 3030: unreachable code after return statement
JavaScript warning: https://www.woodburymn.gov/calendar_app/js/calendar_app_javascript_fullview.js, line 311: unreachable code after return statement
1592200317333	addons.webextension.doh-rollout@mozilla.org	WARN	Loading extension 'doh-rollout@mozilla.org': Reading manifest: Invalid extension permission: networkStatus
1592200317902	addons.webextension.screenshots@mozilla.org	WARN	Loading extension 'screenshots@mozilla.org': Reading manifest: Invalid extension permission: mozillaAddons
1592200317903	addons.webextension.screenshots@mozilla.org	WARN	Loading extension 'screenshots@mozilla.org': Reading manifest: Invalid extension permission: telemetry
1592200317904	addons.webextension.screenshots@mozilla.org	WARN	Loading extension 'screenshots@mozilla.org': Reading manifest: Invalid extension permission: resource://pdf.js/
1592200317904	addons.webextension.screenshots@mozilla.org	WARN	Loading extension 'screenshots@mozilla.org': Reading manifest: Invalid extension permission: about:reader*
1592200321344	Marionette	INFO	Listening on port 45539
1592200321373	Marionette	WARN	TLS certificate errors will be ignored for this session
JavaScript warning: https://www.woodburymn.gov/calendar_app/index.html#-css=css/calendar_style_woodburymn.css, line 1550: unreachable code after return statement
JavaScript warning: https://www.woodburymn.gov/calendar_app/index.html#-css=css/calendar_style_woodburymn.css, line 1550: unreachable code after return statement
JavaScript warning: https://www.woodburymn.gov/calendar_app/js/calendar_app_javascript.js, line 844: unreachable code after return statement
JavaScript warning: https://www.woodburymn.gov/calendar_app/js/calendar_app_javascript.js, line 1212: unreachable code after return statement
JavaScript warning: https://www.woodburymn.gov/calendar_app/js/calendar_app_javascript.js, line 3030: unreachable code after return statement
JavaScript warning: https://www.woodburymn.gov/calendar_app/js/calendar_app_javascript.js, line 6225: unreachable code after return statement
JavaScript warning: https://www.woodburymn.gov/calendar_app/js/calendar_app_javascript.js, line 8141: unreachable code after return statement
JavaScript warning: https://www.woodburymn.gov/calendar_app/js/calendar_app_javascript.js, line 8239: unreachable code after return statement
JavaScript warning: https://www.woodburymn.gov/calendar_app/js/calendar_app_javascript.js, line 10583: unreachable code after return statement
JavaScript warning: https://www.woodburymn.gov/calendar_app/js/calendar_app_javascript.js, line 3030: unreachable code after return statement
JavaScript warning: https://www.woodburymn.gov/calendar_app/js/calendar_app_javascript_fullview.js, line 311: unreachable code after return statement
JavaScript warning: https://www.woodburymn.gov/calendar_app/calendar_event_detail.html?eventId=643&date=6/1/2020&show=no, line 1546: unreachable code after return statement
JavaScript warning: https://www.woodburymn.gov/revize/plugins/calendar/js/calendar_app_edit.js, line 154: unreachable code after return statement
JavaScript warning: https://www.woodburymn.gov/calendar_app/calendar_event_detail.html?eventId=643&date=6/1/2020&show=no, line 1546: unreachable code after return statement
JavaScript warning: https://www.woodburymn.gov/calendar_app/calendar_event_detail.html?eventId=643&date=6/1/2020&show=no, line 9: unreachable code after return statement
JavaScript warning: https://www.woodburymn.gov/calendar_app/calendar_event_detail.html?eventId=643&date=6/1/2020&show=no, line 69: unreachable code after return statement
JavaScript warning: https://www.woodburymn.gov/calendar_app/calendar_event_detail.html?eventId=643&date=6/1/2020&show=no, line 91: unreachable code after return statement
JavaScript warning: https://www.woodburymn.gov/calendar_app/calendar_event_detail.html?eventId=643&date=6/1/2020&show=no, line 27: unreachable code after return statement
JavaScript warning: https://www.woodburymn.gov/calendar_app/calendar_event_detail.html?eventId=666&date=6/2/2020&show=no, line 1546: unreachable code after return statement
JavaScript warning: https://www.woodburymn.gov/revize/plugins/calendar/js/calendar_app_edit.js, line 154: unreachable code after return statement
JavaScript warning: https://www.woodburymn.gov/calendar_app/calendar_event_detail.html?eventId=666&date=6/2/2020&show=no, line 1546: unreachable code after return statement
JavaScript warning: https://www.woodburymn.gov/calendar_app/calendar_event_detail.html?eventId=666&date=6/2/2020&show=no, line 9: unreachable code after return statement
JavaScript warning: https://www.woodburymn.gov/calendar_app/calendar_event_detail.html?eventId=666&date=6/2/2020&show=no, line 69: unreachable code after return statement
JavaScript warning: https://www.woodburymn.gov/calendar_app/calendar_event_detail.html?eventId=666&date=6/2/2020&show=no, line 91: unreachable code after return statement
JavaScript warning: https://www.woodburymn.gov/calendar_app/calendar_event_detail.html?eventId=666&date=6/2/2020&show=no, line 27: unreachable code after return statement
JavaScript warning: https://www.woodburymn.gov/calendar_app/calendar_event_detail.html?eventId=606&date=6/10/2020&show=no, line 1546: unreachable code after return statement
JavaScript warning: https://www.woodburymn.gov/revize/plugins/calendar/js/calendar_app_edit.js, line 154: unreachable code after return statement
JavaScript warning: https://www.woodburymn.gov/calendar_app/calendar_event_detail.html?eventId=606&date=6/10/2020&show=no, line 1546: unreachable code after return statement
JavaScript warning: https://www.woodburymn.gov/calendar_app/calendar_event_detail.html?eventId=606&date=6/10/2020&show=no, line 9: unreachable code after return statement
JavaScript warning: https://www.woodburymn.gov/calendar_app/calendar_event_detail.html?eventId=606&date=6/10/2020&show=no, line 69: unreachable code after return statement
JavaScript warning: https://www.woodburymn.gov/calendar_app/calendar_event_detail.html?eventId=606&date=6/10/2020&show=no, line 91: unreachable code after return statement
JavaScript warning: https://www.woodburymn.gov/calendar_app/calendar_event_detail.html?eventId=606&date=6/10/2020&show=no, line 27: unreachable code after return statement
JavaScript warning: https://www.woodburymn.gov/calendar_app/calendar_event_detail.html?eventId=644&date=6/15/2020&show=no, line 1546: unreachable code after return statement
JavaScript warning: https://www.woodburymn.gov/revize/plugins/calendar/js/calendar_app_edit.js, line 154: unreachable code after return statement
JavaScript warning: https://www.woodburymn.gov/calendar_app/calendar_event_detail.html?eventId=644&date=6/15/2020&show=no, line 1546: unreachable code after return statement
JavaScript warning: https://www.woodburymn.gov/calendar_app/calendar_event_detail.html?eventId=644&date=6/15/2020&show=no, line 9: unreachable code after return statement
JavaScript warning: https://www.woodburymn.gov/calendar_app/calendar_event_detail.html?eventId=644&date=6/15/2020&show=no, line 69: unreachable code after return statement
JavaScript warning: https://www.woodburymn.gov/calendar_app/calendar_event_detail.html?eventId=644&date=6/15/2020&show=no, line 91: unreachable code after return statement
JavaScript warning: https://www.woodburymn.gov/calendar_app/calendar_event_detail.html?eventId=644&date=6/15/2020&show=no, line 27: unreachable code after return statement
JavaScript warning: https://www.woodburymn.gov/calendar_app/calendar_event_detail.html?eventId=627&date=6/17/2020&show=no, line 1546: unreachable code after return statement
JavaScript warning: https://www.woodburymn.gov/calendar_app/calendar_event_detail.html?eventId=627&date=6/17/2020&show=no, line 1546: unreachable code after return statement
JavaScript warning: https://www.woodburymn.gov/calendar_app/calendar_event_detail.html?eventId=627&date=6/17/2020&show=no, line 9: unreachable code after return statement
JavaScript warning: https://www.woodburymn.gov/calendar_app/calendar_event_detail.html?eventId=627&date=6/17/2020&show=no, line 69: unreachable code after return statement
JavaScript warning: https://www.woodburymn.gov/calendar_app/calendar_event_detail.html?eventId=627&date=6/17/2020&show=no, line 91: unreachable code after return statement
JavaScript warning: https://www.woodburymn.gov/calendar_app/calendar_event_detail.html?eventId=627&date=6/17/2020&show=no, line 27: unreachable code after return statement
JavaScript warning: https://www.woodburymn.gov/calendar_app/calendar_event_detail.html?eventId=658&date=6/23/2020&show=no, line 1546: unreachable code after return statement
JavaScript warning: https://www.woodburymn.gov/calendar_app/calendar_event_detail.html?eventId=658&date=6/23/2020&show=no, line 1546: unreachable code after return statement
JavaScript warning: https://www.woodburymn.gov/calendar_app/calendar_event_detail.html?eventId=658&date=6/23/2020&show=no, line 9: unreachable code after return statement
JavaScript warning: https://www.woodburymn.gov/calendar_app/calendar_event_detail.html?eventId=658&date=6/23/2020&show=no, line 69: unreachable code after return statement
JavaScript warning: https://www.woodburymn.gov/calendar_app/calendar_event_detail.html?eventId=658&date=6/23/2020&show=no, line 91: unreachable code after return statement
JavaScript warning: https://www.woodburymn.gov/calendar_app/calendar_event_detail.html?eventId=658&date=6/23/2020&show=no, line 27: unreachable code after return statement
JavaScript warning: https://www.woodburymn.gov/calendar_app/calendar_event_detail.html?eventId=607&date=6/24/2020&show=no, line 1546: unreachable code after return statement
JavaScript warning: https://www.woodburymn.gov/calendar_app/calendar_event_detail.html?eventId=607&date=6/24/2020&show=no, line 1546: unreachable code after return statement
JavaScript warning: https://www.woodburymn.gov/calendar_app/calendar_event_detail.html?eventId=607&date=6/24/2020&show=no, line 9: unreachable code after return statement
JavaScript warning: https://www.woodburymn.gov/calendar_app/calendar_event_detail.html?eventId=607&date=6/24/2020&show=no, line 69: unreachable code after return statement
JavaScript warning: https://www.woodburymn.gov/calendar_app/calendar_event_detail.html?eventId=607&date=6/24/2020&show=no, line 91: unreachable code after return statement
JavaScript warning: https://www.woodburymn.gov/calendar_app/calendar_event_detail.html?eventId=607&date=6/24/2020&show=no, line 27: unreachable code after return statement
1592200448616	addons.webextension.doh-rollout@mozilla.org	WARN	Loading extension 'doh-rollout@mozilla.org': Reading manifest: Invalid extension permission: networkStatus
1592200449151	addons.webextension.screenshots@mozilla.org	WARN	Loading extension 'screenshots@mozilla.org': Reading manifest: Invalid extension permission: mozillaAddons
1592200449151	addons.webextension.screenshots@mozilla.org	WARN	Loading extension 'screenshots@mozilla.org': Reading manifest: Invalid extension permission: telemetry
1592200449151	addons.webextension.screenshots@mozilla.org	WARN	Loading extension 'screenshots@mozilla.org': Reading manifest: Invalid extension permission: resource://pdf.js/
1592200449152	addons.webextension.screenshots@mozilla.org	WARN	Loading extension 'screenshots@mozilla.org': Reading manifest: Invalid extension permission: about:reader*
1592200451825	Marionette	INFO	Listening on port 35651
1592200451873	Marionette	WARN	TLS certificate errors will be ignored for this session
JavaScript warning: https://www.woodburymn.gov/calendar_app/index.html#-css=css/calendar_style_woodburymn.css, line 1550: unreachable code after return statement
JavaScript warning: https://www.woodburymn.gov/calendar_app/index.html#-css=css/calendar_style_woodburymn.css, line 1550: unreachable code after return statement
JavaScript warning: https://www.woodburymn.gov/calendar_app/js/calendar_app_javascript.js, line 844: unreachable code after return statement
JavaScript warning: https://www.woodburymn.gov/calendar_app/js/calendar_app_javascript.js, line 1212: unreachable code after return statement
JavaScript warning: https://www.woodburymn.gov/calendar_app/js/calendar_app_javascript.js, line 3030: unreachable code after return statement
JavaScript warning: https://www.woodburymn.gov/calendar_app/js/calendar_app_javascript.js, line 6225: unreachable code after return statement
JavaScript warning: https://www.woodburymn.gov/calendar_app/js/calendar_app_javascript.js, line 8141: unreachable code after return statement
JavaScript warning: https://www.woodburymn.gov/calendar_app/js/calendar_app_javascript.js, line 8239: unreachable code after return statement
JavaScript warning: https://www.woodburymn.gov/calendar_app/js/calendar_app_javascript.js, line 10583: unreachable code after return statement
JavaScript warning: https://www.woodburymn.gov/calendar_app/js/calendar_app_javascript.js, line 3030: unreachable code after return statement
JavaScript warning: https://www.woodburymn.gov/calendar_app/js/calendar_app_javascript_fullview.js, line 311: unreachable code after return statement
JavaScript warning: https://www.woodburymn.gov/calendar_app/calendar_event_detail.html?eventId=643&date=6/1/2020&show=no, line 1546: unreachable code after return statement
JavaScript warning: https://www.woodburymn.gov/revize/plugins/calendar/js/calendar_app_edit.js, line 154: unreachable code after return statement
JavaScript warning: https://www.woodburymn.gov/calendar_app/calendar_event_detail.html?eventId=643&date=6/1/2020&show=no, line 1546: unreachable code after return statement
JavaScript warning: https://www.woodburymn.gov/calendar_app/calendar_event_detail.html?eventId=643&date=6/1/2020&show=no, line 9: unreachable code after return statement
JavaScript warning: https://www.woodburymn.gov/calendar_app/calendar_event_detail.html?eventId=643&date=6/1/2020&show=no, line 69: unreachable code after return statement
JavaScript warning: https://www.woodburymn.gov/calendar_app/calendar_event_detail.html?eventId=643&date=6/1/2020&show=no, line 91: unreachable code after return statement
JavaScript warning: https://www.woodburymn.gov/calendar_app/calendar_event_detail.html?eventId=643&date=6/1/2020&show=no, line 27: unreachable code after return statement
JavaScript warning: https://www.woodburymn.gov/calendar_app/calendar_event_detail.html?eventId=666&date=6/2/2020&show=no, line 1546: unreachable code after return statement
JavaScript warning: https://www.woodburymn.gov/revize/plugins/calendar/js/calendar_app_edit.js, line 154: unreachable code after return statement
JavaScript warning: https://www.woodburymn.gov/calendar_app/calendar_event_detail.html?eventId=666&date=6/2/2020&show=no, line 1546: unreachable code after return statement
JavaScript warning: https://www.woodburymn.gov/calendar_app/calendar_event_detail.html?eventId=666&date=6/2/2020&show=no, line 9: unreachable code after return statement
JavaScript warning: https://www.woodburymn.gov/calendar_app/calendar_event_detail.html?eventId=666&date=6/2/2020&show=no, line 69: unreachable code after return statement
JavaScript warning: https://www.woodburymn.gov/calendar_app/calendar_event_detail.html?eventId=666&date=6/2/2020&show=no, line 91: unreachable code after return statement
JavaScript warning: https://www.woodburymn.gov/calendar_app/calendar_event_detail.html?eventId=666&date=6/2/2020&show=no, line 27: unreachable code after return statement
JavaScript warning: https://www.woodburymn.gov/calendar_app/calendar_event_detail.html?eventId=606&date=6/10/2020&show=no, line 1546: unreachable code after return statement
JavaScript warning: https://www.woodburymn.gov/revize/plugins/calendar/js/calendar_app_edit.js, line 154: unreachable code after return statement
JavaScript warning: https://www.woodburymn.gov/calendar_app/calendar_event_detail.html?eventId=606&date=6/10/2020&show=no, line 1546: unreachable code after return statement
JavaScript warning: https://www.woodburymn.gov/calendar_app/calendar_event_detail.html?eventId=606&date=6/10/2020&show=no, line 9: unreachable code after return statement
JavaScript warning: https://www.woodburymn.gov/calendar_app/calendar_event_detail.html?eventId=606&date=6/10/2020&show=no, line 69: unreachable code after return statement
JavaScript warning: https://www.woodburymn.gov/calendar_app/calendar_event_detail.html?eventId=606&date=6/10/2020&show=no, line 91: unreachable code after return statement
JavaScript warning: https://www.woodburymn.gov/calendar_app/calendar_event_detail.html?eventId=606&date=6/10/2020&show=no, line 27: unreachable code after return statement
JavaScript warning: https://www.woodburymn.gov/calendar_app/calendar_event_detail.html?eventId=644&date=6/15/2020&show=no, line 1546: unreachable code after return statement
JavaScript warning: https://www.woodburymn.gov/revize/plugins/calendar/js/calendar_app_edit.js, line 154: unreachable code after return statement
JavaScript warning: https://www.woodburymn.gov/calendar_app/calendar_event_detail.html?eventId=644&date=6/15/2020&show=no, line 1546: unreachable code after return statement
JavaScript warning: https://www.woodburymn.gov/calendar_app/calendar_event_detail.html?eventId=644&date=6/15/2020&show=no, line 9: unreachable code after return statement
JavaScript warning: https://www.woodburymn.gov/calendar_app/calendar_event_detail.html?eventId=644&date=6/15/2020&show=no, line 69: unreachable code after return statement
JavaScript warning: https://www.woodburymn.gov/calendar_app/calendar_event_detail.html?eventId=644&date=6/15/2020&show=no, line 91: unreachable code after return statement
JavaScript warning: https://www.woodburymn.gov/calendar_app/calendar_event_detail.html?eventId=644&date=6/15/2020&show=no, line 27: unreachable code after return statement
JavaScript warning: https://www.woodburymn.gov/calendar_app/calendar_event_detail.html?eventId=627&date=6/17/2020&show=no, line 1546: unreachable code after return statement
JavaScript warning: https://www.woodburymn.gov/calendar_app/calendar_event_detail.html?eventId=627&date=6/17/2020&show=no, line 1546: unreachable code after return statement
JavaScript warning: https://www.woodburymn.gov/calendar_app/calendar_event_detail.html?eventId=627&date=6/17/2020&show=no, line 9: unreachable code after return statement
JavaScript warning: https://www.woodburymn.gov/calendar_app/calendar_event_detail.html?eventId=627&date=6/17/2020&show=no, line 69: unreachable code after return statement
JavaScript warning: https://www.woodburymn.gov/calendar_app/calendar_event_detail.html?eventId=627&date=6/17/2020&show=no, line 91: unreachable code after return statement
JavaScript warning: https://www.woodburymn.gov/calendar_app/calendar_event_detail.html?eventId=627&date=6/17/2020&show=no, line 27: unreachable code after return statement
JavaScript warning: https://www.woodburymn.gov/calendar_app/calendar_event_detail.html?eventId=658&date=6/23/2020&show=no, line 1546: unreachable code after return statement
JavaScript warning: https://www.woodburymn.gov/calendar_app/calendar_event_detail.html?eventId=658&date=6/23/2020&show=no, line 1546: unreachable code after return statement
JavaScript warning: https://www.woodburymn.gov/calendar_app/calendar_event_detail.html?eventId=658&date=6/23/2020&show=no, line 9: unreachable code after return statement
JavaScript warning: https://www.woodburymn.gov/calendar_app/calendar_event_detail.html?eventId=658&date=6/23/2020&show=no, line 69: unreachable code after return statement
JavaScript warning: https://www.woodburymn.gov/calendar_app/calendar_event_detail.html?eventId=658&date=6/23/2020&show=no, line 91: unreachable code after return statement
JavaScript warning: https://www.woodburymn.gov/calendar_app/calendar_event_detail.html?eventId=658&date=6/23/2020&show=no, line 27: unreachable code after return statement
JavaScript warning: https://www.woodburymn.gov/calendar_app/calendar_event_detail.html?eventId=607&date=6/24/2020&show=no, line 1546: unreachable code after return statement
JavaScript warning: https://www.woodburymn.gov/calendar_app/calendar_event_detail.html?eventId=607&date=6/24/2020&show=no, line 1546: unreachable code after return statement
JavaScript warning: https://www.woodburymn.gov/calendar_app/calendar_event_detail.html?eventId=607&date=6/24/2020&show=no, line 9: unreachable code after return statement
JavaScript warning: https://www.woodburymn.gov/calendar_app/calendar_event_detail.html?eventId=607&date=6/24/2020&show=no, line 69: unreachable code after return statement
JavaScript warning: https://www.woodburymn.gov/calendar_app/calendar_event_detail.html?eventId=607&date=6/24/2020&show=no, line 91: unreachable code after return statement
JavaScript warning: https://www.woodburymn.gov/calendar_app/calendar_event_detail.html?eventId=607&date=6/24/2020&show=no, line 27: unreachable code after return statement
JavaScript warning: https://www.woodburymn.gov/calendar_app/calendar_event_detail.html?eventId=641&date=5/4/2020&show=no, line 1546: unreachable code after return statement
JavaScript warning: https://www.woodburymn.gov/calendar_app/calendar_event_detail.html?eventId=641&date=5/4/2020&show=no, line 1546: unreachable code after return statement
JavaScript warning: https://www.woodburymn.gov/calendar_app/calendar_event_detail.html?eventId=641&date=5/4/2020&show=no, line 9: unreachable code after return statement
JavaScript warning: https://www.woodburymn.gov/calendar_app/calendar_event_detail.html?eventId=641&date=5/4/2020&show=no, line 69: unreachable code after return statement
JavaScript warning: https://www.woodburymn.gov/calendar_app/calendar_event_detail.html?eventId=641&date=5/4/2020&show=no, line 91: unreachable code after return statement
JavaScript warning: https://www.woodburymn.gov/calendar_app/calendar_event_detail.html?eventId=641&date=5/4/2020&show=no, line 27: unreachable code after return statement
JavaScript warning: https://www.woodburymn.gov/calendar_app/calendar_event_detail.html?eventId=665&date=5/5/2020&show=no, line 1546: unreachable code after return statement
JavaScript warning: https://www.woodburymn.gov/calendar_app/calendar_event_detail.html?eventId=665&date=5/5/2020&show=no, line 1546: unreachable code after return statement
JavaScript warning: https://www.woodburymn.gov/calendar_app/calendar_event_detail.html?eventId=665&date=5/5/2020&show=no, line 9: unreachable code after return statement
JavaScript warning: https://www.woodburymn.gov/calendar_app/calendar_event_detail.html?eventId=665&date=5/5/2020&show=no, line 69: unreachable code after return statement
JavaScript warning: https://www.woodburymn.gov/calendar_app/calendar_event_detail.html?eventId=665&date=5/5/2020&show=no, line 91: unreachable code after return statement
JavaScript warning: https://www.woodburymn.gov/calendar_app/calendar_event_detail.html?eventId=665&date=5/5/2020&show=no, line 27: unreachable code after return statement
JavaScript warning: https://www.woodburymn.gov/calendar_app/calendar_event_detail.html?eventId=604&date=5/13/2020&show=no, line 1546: unreachable code after return statement
JavaScript warning: https://www.woodburymn.gov/calendar_app/calendar_event_detail.html?eventId=604&date=5/13/2020&show=no, line 1546: unreachable code after return statement
JavaScript warning: https://www.woodburymn.gov/calendar_app/calendar_event_detail.html?eventId=604&date=5/13/2020&show=no, line 9: unreachable code after return statement
JavaScript warning: https://www.woodburymn.gov/calendar_app/calendar_event_detail.html?eventId=604&date=5/13/2020&show=no, line 69: unreachable code after return statement
JavaScript warning: https://www.woodburymn.gov/calendar_app/calendar_event_detail.html?eventId=604&date=5/13/2020&show=no, line 91: unreachable code after return statement
JavaScript warning: https://www.woodburymn.gov/calendar_app/calendar_event_detail.html?eventId=604&date=5/13/2020&show=no, line 27: unreachable code after return statement
JavaScript warning: https://www.woodburymn.gov/calendar_app/calendar_event_detail.html?eventId=642&date=5/18/2020&show=no, line 1546: unreachable code after return statement
JavaScript warning: https://www.woodburymn.gov/calendar_app/calendar_event_detail.html?eventId=642&date=5/18/2020&show=no, line 1546: unreachable code after return statement
JavaScript warning: https://www.woodburymn.gov/calendar_app/calendar_event_detail.html?eventId=642&date=5/18/2020&show=no, line 9: unreachable code after return statement
JavaScript warning: https://www.woodburymn.gov/calendar_app/calendar_event_detail.html?eventId=642&date=5/18/2020&show=no, line 69: unreachable code after return statement
JavaScript warning: https://www.woodburymn.gov/calendar_app/calendar_event_detail.html?eventId=642&date=5/18/2020&show=no, line 91: unreachable code after return statement
JavaScript warning: https://www.woodburymn.gov/calendar_app/calendar_event_detail.html?eventId=642&date=5/18/2020&show=no, line 27: unreachable code after return statement
JavaScript warning: https://www.woodburymn.gov/calendar_app/calendar_event_detail.html?eventId=626&date=5/20/2020&show=no, line 1546: unreachable code after return statement
JavaScript warning: https://www.woodburymn.gov/calendar_app/calendar_event_detail.html?eventId=626&date=5/20/2020&show=no, line 1546: unreachable code after return statement
JavaScript warning: https://www.woodburymn.gov/calendar_app/calendar_event_detail.html?eventId=626&date=5/20/2020&show=no, line 9: unreachable code after return statement
JavaScript warning: https://www.woodburymn.gov/calendar_app/calendar_event_detail.html?eventId=626&date=5/20/2020&show=no, line 69: unreachable code after return statement
JavaScript warning: https://www.woodburymn.gov/calendar_app/calendar_event_detail.html?eventId=626&date=5/20/2020&show=no, line 91: unreachable code after return statement
JavaScript warning: https://www.woodburymn.gov/calendar_app/calendar_event_detail.html?eventId=626&date=5/20/2020&show=no, line 27: unreachable code after return statement
JavaScript warning: https://www.woodburymn.gov/calendar_app/calendar_event_detail.html?eventId=690&date=5/26/2020&show=no, line 1546: unreachable code after return statement
JavaScript warning: https://www.woodburymn.gov/calendar_app/calendar_event_detail.html?eventId=690&date=5/26/2020&show=no, line 1546: unreachable code after return statement
JavaScript warning: https://www.woodburymn.gov/calendar_app/calendar_event_detail.html?eventId=690&date=5/26/2020&show=no, line 9: unreachable code after return statement
JavaScript warning: https://www.woodburymn.gov/calendar_app/calendar_event_detail.html?eventId=690&date=5/26/2020&show=no, line 69: unreachable code after return statement
JavaScript warning: https://www.woodburymn.gov/calendar_app/calendar_event_detail.html?eventId=690&date=5/26/2020&show=no, line 91: unreachable code after return statement
JavaScript warning: https://www.woodburymn.gov/calendar_app/calendar_event_detail.html?eventId=690&date=5/26/2020&show=no, line 27: unreachable code after return statement
JavaScript warning: https://www.woodburymn.gov/calendar_app/calendar_event_detail.html?eventId=605&date=5/27/2020&show=no, line 1546: unreachable code after return statement
JavaScript warning: https://www.woodburymn.gov/calendar_app/calendar_event_detail.html?eventId=605&date=5/27/2020&show=no, line 1546: unreachable code after return statement
JavaScript warning: https://www.woodburymn.gov/calendar_app/calendar_event_detail.html?eventId=605&date=5/27/2020&show=no, line 9: unreachable code after return statement
JavaScript warning: https://www.woodburymn.gov/calendar_app/calendar_event_detail.html?eventId=605&date=5/27/2020&show=no, line 69: unreachable code after return statement
JavaScript warning: https://www.woodburymn.gov/calendar_app/calendar_event_detail.html?eventId=605&date=5/27/2020&show=no, line 91: unreachable code after return statement
JavaScript warning: https://www.woodburymn.gov/calendar_app/calendar_event_detail.html?eventId=605&date=5/27/2020&show=no, line 27: unreachable code after return statement
